1   308 cit  mDI=-0.4545  Staging of Alzheimer disease-associated neur
2   266 cit  mDI=-0.6692  Amyloid-β overproduction causes abnormal mit
3   269 cit  mDI=-0.8216  <sup>18</sup>F‐flutemetamol amyloid imaging 
4   214 cit  mDI=-0.8879  Alzheimer and frontotemporal pathology in su
5   138 cit  mDI=0.1159  A Genomic Pathway Approach to a Complex Dise
6   163 cit  mDI=-0.9018  Temporal Profile of Amyloid-β (Aβ) Oligomeri
7    79 cit  mDI=-0.7975  Amyloid β-Protein Is Degraded by Cellular An
8    64 cit  mDI=-0.7812  Structural Changes of Region 1-16 of the Alz
9    67 cit  mDI=-0.6716  The Rate of Cognitive Decline in Parkinson D
10    94 cit  mDI=-0.4681  Alzheimer-Like Changes in Rat Models of Spon
11    89 cit  mDI=-0.9101  Phosphorylation of Synucleins by Members of 
12    80 cit  mDI=-0.6  CSF biomarkers predict a more malignant outc
13    77 cit  mDI=-0.4805  Phosphorylation Regulates Tau Interactions w
14    77 cit  mDI=-0.5844  Clinical Aspects of Melatonin Intervention i
15    44 cit  mDI=-0.7727  The “Jaws” of the Tau-Microtubule Interactio
16    51 cit  mDI=-0.0196  Thrombin and Prothrombin Are Expressed by Ne
17    81 cit  mDI=-0.5802  Three Histidine Residues of Amyloid-β Peptid
18    83 cit  mDI=-0.759  Amnestic Mild Cognitive Impairment: Structur
19    46 cit  mDI=-0.6087  Measuring Cerebral Atrophy and White Matter 
20    73 cit  mDI=-0.6164  Distinct Mechanistic Roles of Calpain and Ca
21    91 cit  mDI=-0.8022  The Association Between Genetic Variants in 
22    74 cit  mDI=-0.7568  Neuroprotective Secreted Amyloid Precursor P
23    36 cit  mDI=-0.7778  Body mass index in older persons is associat
24    66 cit  mDI=-0.6667  Lipid lowering agents are associated with a 
25    32 cit  mDI=-0.625  The Creatine Kinase/Creatine Connection to A
26    40 cit  mDI=-0.7  Education, cognitive function, and severity 
27    25 cit  mDI=-0.44  Omega-3 fatty acid ethyl-eicosapentaenoate, 
28    64 cit  mDI=-0.5625  Association of a Functional Polymorphism in 
30    28 cit  mDI=-0.6429  Driving and Dementia of the Alzheimer Type: 
31    68 cit  mDI=-0.6765  In vivo mapping of amyloid toxicity in Alzhe
32    44 cit  mDI=-0.1364  Development of a Non Invasive NGF-Based Ther
33    29 cit  mDI=-0.5172  Hippocampal Volumes, Proton Magnetic Resonan
34    45 cit  mDI=-0.6  Plasma β-Amyloid and Cognitive Decline
35    47 cit  mDI=-0.617  Novel Role of RanBP9 in BACE1 Processing of 
36    16 cit  mDI=0.75  The amyloid beta ion channel hypothesis of A
37    25 cit  mDI=-0.68  ADCS Prevention Instrument Project: Overview
38    26 cit  mDI=-0.8462  Differential Immune Cell Chemotaxis Response
39    16 cit  mDI=-0.5  Improved mitochondrial function in brain agi
40    30 cit  mDI=-0.7333  3D Mapping of Mini-mental State Examination 
41    25 cit  mDI=-0.28  Transgenic Mouse Models of Alzheimer’s Disea
42    30 cit  mDI=-0.9333  Association of Distinct Variants in SORL1 Wi
43    31 cit  mDI=-0.6129  Population Variation in Glial Fibrillary Aci
44    21 cit  mDI=-0.0476  The Natural History of Alzheimer Disease
45    32 cit  mDI=0.375  Genotator: A disease-agnostic tool for genet
46    14 cit  mDI=-0.5714  Atypical Protein Kinase C in Neurodegenerati
47    24 cit  mDI=-0.5  Weekly Vaccination with Copaxone (Glatiramer
48    20 cit  mDI=-0.3  Testosterone modifies the effect of <i>APOE<
49    45 cit  mDI=-0.0667  Serum lipoprotein pattern variations in deme
50    34 cit  mDI=-0.7647  Safety and Tolerability of the Rivastigmine 
51    16 cit  mDI=-0.625  Behavioural and psychological symptoms are n
52    19 cit  mDI=-0.1579  Worldwide distribution of <i>PSEN1</i> Met14
53    12 cit  mDI=0.3333  Increased CD44 Gene Expression in Lymphocyte
54    18 cit  mDI=-1.0  Examination of Lipid-bound Conformation of A
55    15 cit  mDI=-0.2  EEG Mapping and Low-Resolution Brain Electro
56    11 cit  mDI=-0.8182  Genetically Altering Aβ Distribution from th
57     9 cit  mDI=-0.3333  Brain ischemia and ischemic blood&amp;ndash;
58     8 cit  mDI=1.0  Allicin can reduce neuronal death and amelio
59    19 cit  mDI=-0.6842  Inhibition of Tau Polymerization with a Cyan
60    12 cit  mDI=-0.1667  Evaluation of Cerebrospinal Fluid Tau/Beta-A
61    11 cit  mDI=-1.0  Rate of Cognitive Change Measured by Neurops
62     7 cit  mDI=-0.1429  Ectopic Expression of Musashi-1 in Alzheimer
63     6 cit  mDI=-1.0  Validity and Reliability of the Persian Lang
64     8 cit  mDI=-0.5  Predicting Cognitive Decline in Alzheimer Di
65     7 cit  mDI=0.1429  Problem Behavior of Dementia Patients Predic
66    11 cit  mDI=0.2727  Dual Action of Memantine in Alzheimer Diseas
67    14 cit  mDI=-0.7143  TASTPM Mice Expressing Amyloid Precursor Pro
68     5 cit  mDI=-1.0  Coenzyme Q Induces Tau Aggregation, Tau Fila
69     4 cit  mDI=0.5  Analysis of counted behaviors in a single-su
71    11 cit  mDI=-0.8182  Longitudinal Medication Usage in Alzheimer D
72    10 cit  mDI=-0.4  Síntomas psicológicos y conductuales como fa
done
